0 info it worked if it ends with ok
1 verbose cli [ 'node', '/usr/local/bin/npm', 'install', 'cheerio' ]
2 info using npm@1.3.11
3 info using node@v0.10.20
4 verbose readDependencies using package.json deps
5 verbose cache add [ 'cheerio', null ]
6 verbose cache add name=undefined spec="cheerio" args=["cheerio",null]
7 verbose parsed url { protocol: null,
7 verbose parsed url   slashes: null,
7 verbose parsed url   auth: null,
7 verbose parsed url   host: null,
7 verbose parsed url   port: null,
7 verbose parsed url   hostname: null,
7 verbose parsed url   hash: null,
7 verbose parsed url   search: null,
7 verbose parsed url   query: null,
7 verbose parsed url   pathname: 'cheerio',
7 verbose parsed url   path: 'cheerio',
7 verbose parsed url   href: 'cheerio' }
8 silly lockFile efb58830-cheerio cheerio
9 verbose lock cheerio /Users/michaelherman/.npm/efb58830-cheerio.lock
10 silly lockFile efb58830-cheerio cheerio
11 silly lockFile efb58830-cheerio cheerio
12 verbose addNamed [ 'cheerio', '' ]
13 verbose addNamed [ null, '*' ]
14 silly lockFile 8cd5cc09-cheerio cheerio@
15 verbose lock cheerio@ /Users/michaelherman/.npm/8cd5cc09-cheerio.lock
16 silly addNameRange { name: 'cheerio', range: '*', hasData: false }
17 verbose url raw cheerio
18 verbose url resolving [ 'https://registry.npmjs.org/', './cheerio' ]
19 verbose url resolved https://registry.npmjs.org/cheerio
20 info trying registry request attempt 1 at 09:17:40
21 verbose etag "OHDUCP8B0JBGLS4C1PZV3ASG"
22 http GET https://registry.npmjs.org/cheerio
23 info retry will retry, error on last attempt: Error: SELF_SIGNED_CERT_IN_CHAIN
24 info trying registry request attempt 2 at 09:17:51
25 verbose etag "OHDUCP8B0JBGLS4C1PZV3ASG"
26 http GET https://registry.npmjs.org/cheerio
27 info retry will retry, error on last attempt: Error: SELF_SIGNED_CERT_IN_CHAIN
28 info trying registry request attempt 3 at 09:18:51
29 verbose etag "OHDUCP8B0JBGLS4C1PZV3ASG"
30 http GET https://registry.npmjs.org/cheerio
31 silly registry.get cb [ 304, undefined ]
32 verbose etag cheerio from cache
33 silly addNameRange number 2 { name: 'cheerio', range: '*', hasData: true }
34 silly addNameRange versions [ 'cheerio',
34 silly addNameRange   [ '0.0.1',
34 silly addNameRange     '0.0.2',
34 silly addNameRange     '0.0.3',
34 silly addNameRange     '0.0.4',
34 silly addNameRange     '0.1.1',
34 silly addNameRange     '0.1.2',
34 silly addNameRange     '0.1.3',
34 silly addNameRange     '0.1.4',
34 silly addNameRange     '0.1.5',
34 silly addNameRange     '0.2.0',
34 silly addNameRange     '0.2.1',
34 silly addNameRange     '0.2.2',
34 silly addNameRange     '0.3.0',
34 silly addNameRange     '0.3.1',
34 silly addNameRange     '0.3.2',
34 silly addNameRange     '0.4.0',
34 silly addNameRange     '0.4.1',
34 silly addNameRange     '0.4.2',
34 silly addNameRange     '0.5.0',
34 silly addNameRange     '0.5.1',
34 silly addNameRange     '0.5.2',
34 silly addNameRange     '0.6.0',
34 silly addNameRange     '0.6.1',
34 silly addNameRange     '0.6.2',
34 silly addNameRange     '0.7.0',
34 silly addNameRange     '0.8.0',
34 silly addNameRange     '0.8.1',
34 silly addNameRange     '0.8.2',
34 silly addNameRange     '0.8.3',
34 silly addNameRange     '0.9.0',
34 silly addNameRange     '0.9.1',
34 silly addNameRange     '0.9.2',
34 silly addNameRange     '0.10.0',
34 silly addNameRange     '0.10.1',
34 silly addNameRange     '0.10.2',
34 silly addNameRange     '0.10.3',
34 silly addNameRange     '0.10.4',
34 silly addNameRange     '0.10.5',
34 silly addNameRange     '0.10.6',
34 silly addNameRange     '0.10.7',
34 silly addNameRange     '0.10.8',
34 silly addNameRange     '0.11.0',
34 silly addNameRange     '0.12.0',
34 silly addNameRange     '0.12.1',
34 silly addNameRange     '0.12.2',
34 silly addNameRange     '0.12.3',
34 silly addNameRange     '0.12.4',
34 silly addNameRange     '0.13.0',
34 silly addNameRange     '0.13.1' ] ]
35 verbose addNamed [ 'cheerio', '0.13.1' ]
36 verbose addNamed [ '0.13.1', '0.13.1' ]
37 silly lockFile 3e7fe6b3-cheerio-0-13-1 cheerio@0.13.1
38 verbose lock cheerio@0.13.1 /Users/michaelherman/.npm/3e7fe6b3-cheerio-0-13-1.lock
39 silly lockFile 60de9afa-s-org-cheerio-cheerio-0-13-1-tgz https://registry.npmjs.org/cheerio/-/cheerio-0.13.1.tgz
40 verbose lock https://registry.npmjs.org/cheerio/-/cheerio-0.13.1.tgz /Users/michaelherman/.npm/60de9afa-s-org-cheerio-cheerio-0-13-1-tgz.lock
41 verbose addRemoteTarball [ 'https://registry.npmjs.org/cheerio/-/cheerio-0.13.1.tgz',
41 verbose addRemoteTarball   '48af1134561b3527f83d9156c4f9a8ebd82b06ec' ]
42 info retry fetch attempt 1 at 09:18:52
43 verbose fetch to= /var/folders/vl/6cd5g1r94jsc14y5gjfjn5kc0000gn/T/npm-9759-7wTo4dZW/1393604332430-0.39469912787899375/tmp.tgz
44 http GET https://registry.npmjs.org/cheerio/-/cheerio-0.13.1.tgz
45 error fetch failed https://registry.npmjs.org/cheerio/-/cheerio-0.13.1.tgz
46 info retry will retry, error on last attempt: Error: SELF_SIGNED_CERT_IN_CHAIN
47 info retry fetch attempt 2 at 09:19:02
48 verbose fetch to= /var/folders/vl/6cd5g1r94jsc14y5gjfjn5kc0000gn/T/npm-9759-7wTo4dZW/1393604332430-0.39469912787899375/tmp.tgz
49 http GET https://registry.npmjs.org/cheerio/-/cheerio-0.13.1.tgz
50 error fetch failed https://registry.npmjs.org/cheerio/-/cheerio-0.13.1.tgz
51 info retry will retry, error on last attempt: Error: SELF_SIGNED_CERT_IN_CHAIN
52 info retry fetch attempt 3 at 09:20:03
53 verbose fetch to= /var/folders/vl/6cd5g1r94jsc14y5gjfjn5kc0000gn/T/npm-9759-7wTo4dZW/1393604332430-0.39469912787899375/tmp.tgz
54 http GET https://registry.npmjs.org/cheerio/-/cheerio-0.13.1.tgz
55 error fetch failed https://registry.npmjs.org/cheerio/-/cheerio-0.13.1.tgz
56 silly lockFile 60de9afa-s-org-cheerio-cheerio-0-13-1-tgz https://registry.npmjs.org/cheerio/-/cheerio-0.13.1.tgz
57 silly lockFile 60de9afa-s-org-cheerio-cheerio-0-13-1-tgz https://registry.npmjs.org/cheerio/-/cheerio-0.13.1.tgz
58 silly lockFile 3e7fe6b3-cheerio-0-13-1 cheerio@0.13.1
59 silly lockFile 3e7fe6b3-cheerio-0-13-1 cheerio@0.13.1
60 silly lockFile 8cd5cc09-cheerio cheerio@
61 silly lockFile 8cd5cc09-cheerio cheerio@
62 error Error: SELF_SIGNED_CERT_IN_CHAIN
62 error     at SecurePair.<anonymous> (tls.js:1356:32)
62 error     at SecurePair.EventEmitter.emit (events.js:92:17)
62 error     at SecurePair.maybeInitFinished (tls.js:968:10)
62 error     at CleartextStream.read [as _read] (tls.js:462:15)
62 error     at CleartextStream.Readable.read (_stream_readable.js:320:10)
62 error     at EncryptedStream.write [as _write] (tls.js:366:25)
62 error     at doWrite (_stream_writable.js:221:10)
62 error     at writeOrBuffer (_stream_writable.js:211:5)
62 error     at EncryptedStream.Writable.write (_stream_writable.js:180:11)
62 error     at write (_stream_readable.js:583:24)
63 error If you need help, you may report this log at:
63 error     <http://github.com/isaacs/npm/issues>
63 error or email it to:
63 error     <npm-@googlegroups.com>
64 error System Darwin 12.5.0
65 error command "node" "/usr/local/bin/npm" "install" "cheerio"
66 error cwd /Users/michaelherman/Documents/repos/github/node-scraping-promises
67 error node -v v0.10.20
68 error npm -v 1.3.11
69 verbose exit [ 1, true ]
